ERROR - 2023-01-17 22:24:01 --> Column 'id_prodi' cannot be null
CRITICAL - 2023-01-17 22:24:01 --> Column 'id_prodi' cannot be null
in SYSTEMPATH/Database/MySQLi/Connection.php on line 292.
 1 SYSTEMPATH/Database/MySQLi/Connection.php(292): mysqli->query()
 2 SYSTEMPATH/Database/BaseConnection.php(695): CodeIgniter\Database\MySQLi\Connection->execute()
 3 SYSTEMPATH/Database/BaseConnection.php(609): CodeIgniter\Database\BaseConnection->simpleQuery()
 4 SYSTEMPATH/Database/BaseBuilder.php(1904): CodeIgniter\Database\BaseConnection->query()
 5 SYSTEMPATH/Model.php(278): CodeIgniter\Database\BaseBuilder->insert()
 6 SYSTEMPATH/BaseModel.php(738): CodeIgniter\Model->doInsert()
 7 SYSTEMPATH/Model.php(666): CodeIgniter\BaseModel->insert()
 8 SYSTEMPATH/BaseModel.php(658): CodeIgniter\Model->insert()
 9 APPPATH/Controllers/Donate.php(29): CodeIgniter\BaseModel->save()
10 SYSTEMPATH/CodeIgniter.php(896): App\Controllers\Donate->save()
11 SYSTEMPATH/CodeIgniter.php(466): CodeIgniter\CodeIgniter->runController()
12 SYSTEMPATH/CodeIgniter.php(349): CodeIgniter\CodeIgniter->handleRequest()
13 FCPATH/index.php(55): CodeIgniter\CodeIgniter->run()
14 SYSTEMPATH/Commands/Server/rewrite.php(43): require_once('FCPATH/index.php')
ERROR - 2023-01-17 22:24:49 --> Column 'id_prodi' cannot be null
CRITICAL - 2023-01-17 22:24:49 --> Column 'id_prodi' cannot be null
in SYSTEMPATH/Database/MySQLi/Connection.php on line 292.
 1 SYSTEMPATH/Database/MySQLi/Connection.php(292): mysqli->query()
 2 SYSTEMPATH/Database/BaseConnection.php(695): CodeIgniter\Database\MySQLi\Connection->execute()
 3 SYSTEMPATH/Database/BaseConnection.php(609): CodeIgniter\Database\BaseConnection->simpleQuery()
 4 SYSTEMPATH/Database/BaseBuilder.php(1904): CodeIgniter\Database\BaseConnection->query()
 5 SYSTEMPATH/Model.php(278): CodeIgniter\Database\BaseBuilder->insert()
 6 SYSTEMPATH/BaseModel.php(738): CodeIgniter\Model->doInsert()
 7 SYSTEMPATH/Model.php(666): CodeIgniter\BaseModel->insert()
 8 SYSTEMPATH/BaseModel.php(658): CodeIgniter\Model->insert()
 9 APPPATH/Controllers/Home.php(91): CodeIgniter\BaseModel->save()
10 SYSTEMPATH/CodeIgniter.php(896): App\Controllers\Home->donateAdd()
11 SYSTEMPATH/CodeIgniter.php(466): CodeIgniter\CodeIgniter->runController()
12 SYSTEMPATH/CodeIgniter.php(349): CodeIgniter\CodeIgniter->handleRequest()
13 FCPATH/index.php(55): CodeIgniter\CodeIgniter->run()
14 SYSTEMPATH/Commands/Server/rewrite.php(43): require_once('FCPATH/index.php')
CRITICAL - 2023-01-17 22:44:35 --> view(): Argument #2 ($data) must be of type array, string given, called in /opt/lampp/htdocs/perpustakaan/app/Controllers/Opac.php on line 165
in SYSTEMPATH/Common.php on line 1121.
 1 APPPATH/Controllers/Opac.php(165): view()
 2 SYSTEMPATH/CodeIgniter.php(896): App\Controllers\Opac->book()
 3 SYSTEMPATH/CodeIgniter.php(466): CodeIgniter\CodeIgniter->runController()
 4 SYSTEMPATH/CodeIgniter.php(349): CodeIgniter\CodeIgniter->handleRequest()
 5 FCPATH/index.php(55): CodeIgniter\CodeIgniter->run()
 6 SYSTEMPATH/Commands/Server/rewrite.php(43): require_once('FCPATH/index.php')
CRITICAL - 2023-01-17 22:58:25 --> Undefined variable $biblio
in APPPATH/Views/opac/book-detail.php on line 18.
 1 APPPATH/Views/opac/book-detail.php(18): CodeIgniter\Debug\Exceptions->errorHandler()
 2 SYSTEMPATH/View/View.php(213): include('APPPATH/Views/opac/book-detail.php')
 3 SYSTEMPATH/View/View.php(216): CodeIgniter\View\View->CodeIgniter\View\{closure}()
 4 SYSTEMPATH/Common.php(1135): CodeIgniter\View\View->render()
 5 APPPATH/Controllers/Opac.php(177): view()
 6 SYSTEMPATH/CodeIgniter.php(896): App\Controllers\Opac->book()
 7 SYSTEMPATH/CodeIgniter.php(466): CodeIgniter\CodeIgniter->runController()
 8 SYSTEMPATH/CodeIgniter.php(349): CodeIgniter\CodeIgniter->handleRequest()
 9 FCPATH/index.php(55): CodeIgniter\CodeIgniter->run()
10 SYSTEMPATH/Commands/Server/rewrite.php(43): require_once('FCPATH/index.php')
CRITICAL - 2023-01-17 22:58:39 --> Undefined array key "title"
in APPPATH/Views/opac/book-detail.php on line 18.
 1 APPPATH/Views/opac/book-detail.php(18): CodeIgniter\Debug\Exceptions->errorHandler()
 2 SYSTEMPATH/View/View.php(213): include('APPPATH/Views/opac/book-detail.php')
 3 SYSTEMPATH/View/View.php(216): CodeIgniter\View\View->CodeIgniter\View\{closure}()
 4 SYSTEMPATH/Common.php(1135): CodeIgniter\View\View->render()
 5 APPPATH/Controllers/Opac.php(177): view()
 6 SYSTEMPATH/CodeIgniter.php(896): App\Controllers\Opac->book()
 7 SYSTEMPATH/CodeIgniter.php(466): CodeIgniter\CodeIgniter->runController()
 8 SYSTEMPATH/CodeIgniter.php(349): CodeIgniter\CodeIgniter->handleRequest()
 9 FCPATH/index.php(55): CodeIgniter\CodeIgniter->run()
10 SYSTEMPATH/Commands/Server/rewrite.php(43): require_once('FCPATH/index.php')
CRITICAL - 2023-01-17 23:02:02 --> Trying to access array offset on value of type null
in APPPATH/Views/opac/book-detail.php on line 12.
 1 APPPATH/Views/opac/book-detail.php(12): CodeIgniter\Debug\Exceptions->errorHandler()
 2 SYSTEMPATH/View/View.php(213): include('APPPATH/Views/opac/book-detail.php')
 3 SYSTEMPATH/View/View.php(216): CodeIgniter\View\View->CodeIgniter\View\{closure}()
 4 SYSTEMPATH/Common.php(1135): CodeIgniter\View\View->render()
 5 APPPATH/Controllers/Opac.php(177): view()
 6 SYSTEMPATH/CodeIgniter.php(896): App\Controllers\Opac->book()
 7 SYSTEMPATH/CodeIgniter.php(466): CodeIgniter\CodeIgniter->runController()
 8 SYSTEMPATH/CodeIgniter.php(349): CodeIgniter\CodeIgniter->handleRequest()
 9 FCPATH/index.php(55): CodeIgniter\CodeIgniter->run()
10 SYSTEMPATH/Commands/Server/rewrite.php(43): require_once('FCPATH/index.php')
CRITICAL - 2023-01-17 23:30:26 --> Undefined variable $biblios
in APPPATH/Views/opac/book.php on line 42.
 1 APPPATH/Views/opac/book.php(42): CodeIgniter\Debug\Exceptions->errorHandler()
 2 SYSTEMPATH/View/View.php(213): include('APPPATH/Views/opac/book.php')
 3 SYSTEMPATH/View/View.php(216): CodeIgniter\View\View->CodeIgniter\View\{closure}()
 4 SYSTEMPATH/Common.php(1135): CodeIgniter\View\View->render()
 5 APPPATH/Controllers/Opac.php(201): view()
 6 SYSTEMPATH/CodeIgniter.php(896): App\Controllers\Opac->book()
 7 SYSTEMPATH/CodeIgniter.php(466): CodeIgniter\CodeIgniter->runController()
 8 SYSTEMPATH/CodeIgniter.php(349): CodeIgniter\CodeIgniter->handleRequest()
 9 FCPATH/index.php(55): CodeIgniter\CodeIgniter->run()
10 SYSTEMPATH/Commands/Server/rewrite.php(43): require_once('FCPATH/index.php')
CRITICAL - 2023-01-17 23:30:31 --> Undefined variable $biblios
in APPPATH/Views/opac/book.php on line 42.
 1 APPPATH/Views/opac/book.php(42): CodeIgniter\Debug\Exceptions->errorHandler()
 2 SYSTEMPATH/View/View.php(213): include('APPPATH/Views/opac/book.php')
 3 SYSTEMPATH/View/View.php(216): CodeIgniter\View\View->CodeIgniter\View\{closure}()
 4 SYSTEMPATH/Common.php(1135): CodeIgniter\View\View->render()
 5 APPPATH/Controllers/Opac.php(201): view()
 6 SYSTEMPATH/CodeIgniter.php(896): App\Controllers\Opac->book()
 7 SYSTEMPATH/CodeIgniter.php(466): CodeIgniter\CodeIgniter->runController()
 8 SYSTEMPATH/CodeIgniter.php(349): CodeIgniter\CodeIgniter->handleRequest()
 9 FCPATH/index.php(55): CodeIgniter\CodeIgniter->run()
10 SYSTEMPATH/Commands/Server/rewrite.php(43): require_once('FCPATH/index.php')
