ERROR - 2023-01-24 11:29:20 --> mysqli_sql_exception: Column 'id_categories' cannot be null in /opt/lampp/htdocs/perpustakaan/vendor/codeigniter4/framework/system/Database/MySQLi/Connection.php:295
Stack trace:
#0 /opt/lampp/htdocs/perpustakaan/vendor/codeigniter4/framework/system/Database/MySQLi/Connection.php(295): mysqli->query()
#1 /opt/lampp/htdocs/perpustakaan/vendor/codeigniter4/framework/system/Database/BaseConnection.php(691): CodeIgniter\Database\MySQLi\Connection->execute()
#2 /opt/lampp/htdocs/perpustakaan/vendor/codeigniter4/framework/system/Database/BaseConnection.php(605): CodeIgniter\Database\BaseConnection->simpleQuery()
#3 /opt/lampp/htdocs/perpustakaan/vendor/codeigniter4/framework/system/Database/BaseBuilder.php(2295): CodeIgniter\Database\BaseConnection->query()
#4 /opt/lampp/htdocs/perpustakaan/vendor/codeigniter4/framework/system/Model.php(329): CodeIgniter\Database\BaseBuilder->insert()
#5 /opt/lampp/htdocs/perpustakaan/vendor/codeigniter4/framework/system/BaseModel.php(782): CodeIgniter\Model->doInsert()
#6 /opt/lampp/htdocs/perpustakaan/vendor/codeigniter4/framework/system/Model.php(729): CodeIgniter\BaseModel->insert()
#7 /opt/lampp/htdocs/perpustakaan/vendor/codeigniter4/framework/system/BaseModel.php(692): CodeIgniter\Model->insert()
#8 /opt/lampp/htdocs/perpustakaan/app/Controllers/Article.php(51): CodeIgniter\BaseModel->save()
#9 /opt/lampp/htdocs/perpustakaan/vendor/codeigniter4/framework/system/CodeIgniter.php(934): App\Controllers\Article->save()
#10 /opt/lampp/htdocs/perpustakaan/vendor/codeigniter4/framework/system/CodeIgniter.php(499): CodeIgniter\CodeIgniter->runController()
#11 /opt/lampp/htdocs/perpustakaan/vendor/codeigniter4/framework/system/CodeIgniter.php(368): CodeIgniter\CodeIgniter->handleRequest()
#12 /opt/lampp/htdocs/perpustakaan/public/index.php(55): CodeIgniter\CodeIgniter->run()
#13 /opt/lampp/htdocs/perpustakaan/vendor/codeigniter4/framework/system/Commands/Server/rewrite.php(47): require_once('...')
#14 {main}
CRITICAL - 2023-01-24 11:29:20 --> Column 'id_categories' cannot be null
in SYSTEMPATH/Database/BaseConnection.php on line 645.
 1 SYSTEMPATH/Database/BaseBuilder.php(2295): CodeIgniter\Database\BaseConnection->query()
 2 SYSTEMPATH/Model.php(329): CodeIgniter\Database\BaseBuilder->insert()
 3 SYSTEMPATH/BaseModel.php(782): CodeIgniter\Model->doInsert()
 4 SYSTEMPATH/Model.php(729): CodeIgniter\BaseModel->insert()
 5 SYSTEMPATH/BaseModel.php(692): CodeIgniter\Model->insert()
 6 APPPATH/Controllers/Article.php(51): CodeIgniter\BaseModel->save()
 7 SYSTEMPATH/CodeIgniter.php(934): App\Controllers\Article->save()
 8 SYSTEMPATH/CodeIgniter.php(499): CodeIgniter\CodeIgniter->runController()
 9 SYSTEMPATH/CodeIgniter.php(368): CodeIgniter\CodeIgniter->handleRequest()
10 FCPATH/index.php(55): CodeIgniter\CodeIgniter->run()
11 SYSTEMPATH/Commands/Server/rewrite.php(47): require_once('FCPATH/index.php')
CRITICAL - 2023-01-24 15:08:46 --> Invalid file: "admin/verification.php"
in SYSTEMPATH/Exceptions/FrameworkException.php on line 33.
 1 SYSTEMPATH/View/View.php(201): CodeIgniter\Exceptions\FrameworkException::forInvalidFile()
 2 SYSTEMPATH/Common.php(1177): CodeIgniter\View\View->render()
 3 APPPATH/Controllers/Donate.php(136): view()
 4 SYSTEMPATH/CodeIgniter.php(934): App\Controllers\Donate->verification()
 5 SYSTEMPATH/CodeIgniter.php(499): CodeIgniter\CodeIgniter->runController()
 6 SYSTEMPATH/CodeIgniter.php(368): CodeIgniter\CodeIgniter->handleRequest()
 7 FCPATH/index.php(55): CodeIgniter\CodeIgniter->run()
 8 SYSTEMPATH/Commands/Server/rewrite.php(47): require_once('FCPATH/index.php')
CRITICAL - 2023-01-24 15:28:08 --> date_format(): Argument #1 ($object) must be of type DateTimeInterface, string given
in APPPATH/Views/article-detail.php on line 11.
 1 APPPATH/Views/article-detail.php(11): date_format()
 2 SYSTEMPATH/View/View.php(213): include('APPPATH/Views/article-detail.php')
 3 SYSTEMPATH/View/View.php(216): CodeIgniter\View\View->CodeIgniter\View\{closure}()
 4 SYSTEMPATH/Common.php(1177): CodeIgniter\View\View->render()
 5 APPPATH/Controllers/Home.php(59): view()
 6 SYSTEMPATH/CodeIgniter.php(934): App\Controllers\Home->detail()
 7 SYSTEMPATH/CodeIgniter.php(499): CodeIgniter\CodeIgniter->runController()
 8 SYSTEMPATH/CodeIgniter.php(368): CodeIgniter\CodeIgniter->handleRequest()
 9 FCPATH/index.php(55): CodeIgniter\CodeIgniter->run()
10 SYSTEMPATH/Commands/Server/rewrite.php(47): require_once('FCPATH/index.php')
CRITICAL - 2023-01-24 15:28:18 --> date_format(): Argument #1 ($object) must be of type DateTimeInterface, string given
in APPPATH/Views/article-detail.php on line 11.
 1 APPPATH/Views/article-detail.php(11): date_format()
 2 SYSTEMPATH/View/View.php(213): include('APPPATH/Views/article-detail.php')
 3 SYSTEMPATH/View/View.php(216): CodeIgniter\View\View->CodeIgniter\View\{closure}()
 4 SYSTEMPATH/Common.php(1177): CodeIgniter\View\View->render()
 5 APPPATH/Controllers/Home.php(59): view()
 6 SYSTEMPATH/CodeIgniter.php(934): App\Controllers\Home->detail()
 7 SYSTEMPATH/CodeIgniter.php(499): CodeIgniter\CodeIgniter->runController()
 8 SYSTEMPATH/CodeIgniter.php(368): CodeIgniter\CodeIgniter->handleRequest()
 9 FCPATH/index.php(55): CodeIgniter\CodeIgniter->run()
10 SYSTEMPATH/Commands/Server/rewrite.php(47): require_once('FCPATH/index.php')
CRITICAL - 2023-01-24 15:28:24 --> date_format(): Argument #1 ($object) must be of type DateTimeInterface, string given
in APPPATH/Views/article-detail.php on line 11.
 1 APPPATH/Views/article-detail.php(11): date_format()
 2 SYSTEMPATH/View/View.php(213): include('APPPATH/Views/article-detail.php')
 3 SYSTEMPATH/View/View.php(216): CodeIgniter\View\View->CodeIgniter\View\{closure}()
 4 SYSTEMPATH/Common.php(1177): CodeIgniter\View\View->render()
 5 APPPATH/Controllers/Home.php(59): view()
 6 SYSTEMPATH/CodeIgniter.php(934): App\Controllers\Home->detail()
 7 SYSTEMPATH/CodeIgniter.php(499): CodeIgniter\CodeIgniter->runController()
 8 SYSTEMPATH/CodeIgniter.php(368): CodeIgniter\CodeIgniter->handleRequest()
 9 FCPATH/index.php(55): CodeIgniter\CodeIgniter->run()
10 SYSTEMPATH/Commands/Server/rewrite.php(47): require_once('FCPATH/index.php')
CRITICAL - 2023-01-24 15:28:26 --> date_format(): Argument #1 ($object) must be of type DateTimeInterface, string given
in APPPATH/Views/article-detail.php on line 11.
 1 APPPATH/Views/article-detail.php(11): date_format()
 2 SYSTEMPATH/View/View.php(213): include('APPPATH/Views/article-detail.php')
 3 SYSTEMPATH/View/View.php(216): CodeIgniter\View\View->CodeIgniter\View\{closure}()
 4 SYSTEMPATH/Common.php(1177): CodeIgniter\View\View->render()
 5 APPPATH/Controllers/Home.php(59): view()
 6 SYSTEMPATH/CodeIgniter.php(934): App\Controllers\Home->detail()
 7 SYSTEMPATH/CodeIgniter.php(499): CodeIgniter\CodeIgniter->runController()
 8 SYSTEMPATH/CodeIgniter.php(368): CodeIgniter\CodeIgniter->handleRequest()
 9 FCPATH/index.php(55): CodeIgniter\CodeIgniter->run()
10 SYSTEMPATH/Commands/Server/rewrite.php(47): require_once('FCPATH/index.php')
CRITICAL - 2023-01-24 16:01:42 --> cURL error 35: OpenSSL SSL_connect: SSL_ERROR_SYSCALL in connection to api-ap1.pusher.com:443  (see https://curl.haxx.se/libcurl/c/libcurl-errors.html) for https://api-ap1.pusher.com/apps/1540951/events?auth_key=b22a3bdf4cf04b53a0bc&auth_timestamp=1674550901&auth_version=1.0&body_md5=b87a7b7691ebdfadae6e170b81679e73&auth_signature=52bb49e02ef7f0c1213cf9811b5933b060f21deddc45e3d5dd72f78fcf431a58
in VENDORPATH/pusher/pusher-php-server/src/Pusher.php on line 782.
 1 VENDORPATH/pusher/pusher-php-server/src/Pusher.php(440): Pusher\Pusher->post()
 2 APPPATH/Controllers/Home.php(103): Pusher\Pusher->trigger()
 3 SYSTEMPATH/CodeIgniter.php(934): App\Controllers\Home->donateUpdate()
 4 SYSTEMPATH/CodeIgniter.php(499): CodeIgniter\CodeIgniter->runController()
 5 SYSTEMPATH/CodeIgniter.php(368): CodeIgniter\CodeIgniter->handleRequest()
 6 FCPATH/index.php(55): CodeIgniter\CodeIgniter->run()
 7 SYSTEMPATH/Commands/Server/rewrite.php(47): require_once('FCPATH/index.php')
