CRITICAL - 2023-01-09 00:53:52 --> Undefined variable $base_url
in APPPATH/Views/opac/home.php on line 122.
 1 APPPATH/Views/opac/home.php(122): CodeIgniter\Debug\Exceptions->errorHandler()
 2 SYSTEMPATH/View/View.php(213): include('APPPATH/Views/opac/home.php')
 3 SYSTEMPATH/View/View.php(216): CodeIgniter\View\View->CodeIgniter\View\{closure}()
 4 SYSTEMPATH/Common.php(1135): CodeIgniter\View\View->render()
 5 APPPATH/Controllers/Opac.php(39): view()
 6 SYSTEMPATH/CodeIgniter.php(896): App\Controllers\Opac->index()
 7 SYSTEMPATH/CodeIgniter.php(466): CodeIgniter\CodeIgniter->runController()
 8 SYSTEMPATH/CodeIgniter.php(349): CodeIgniter\CodeIgniter->handleRequest()
 9 FCPATH/index.php(55): CodeIgniter\CodeIgniter->run()
10 SYSTEMPATH/Commands/Server/rewrite.php(43): require_once('FCPATH/index.php')
CRITICAL - 2023-01-09 01:01:48 --> Undefined array key 0
in SYSTEMPATH/Router/RouteCollection.php on line 1134.
 1 SYSTEMPATH/Router/RouteCollection.php(1134): CodeIgniter\Debug\Exceptions->errorHandler()
 2 SYSTEMPATH/Router/RouteCollection.php(1001): CodeIgniter\Router\RouteCollection->fillRouteParams()
 3 SYSTEMPATH/Common.php(913): CodeIgniter\Router\RouteCollection->reverseRoute()
 4 APPPATH/Views/layouts/opac.php(45): route_to()
 5 SYSTEMPATH/View/View.php(213): include('APPPATH/Views/layouts/opac.php')
 6 SYSTEMPATH/View/View.php(216): CodeIgniter\View\View->CodeIgniter\View\{closure}()
 7 SYSTEMPATH/View/View.php(229): CodeIgniter\View\View->render()
 8 SYSTEMPATH/Common.php(1135): CodeIgniter\View\View->render()
 9 APPPATH/Controllers/Home.php(105): view()
10 SYSTEMPATH/CodeIgniter.php(896): App\Controllers\Home->materials()
11 SYSTEMPATH/CodeIgniter.php(466): CodeIgniter\CodeIgniter->runController()
12 SYSTEMPATH/CodeIgniter.php(349): CodeIgniter\CodeIgniter->handleRequest()
13 FCPATH/index.php(55): CodeIgniter\CodeIgniter->run()
14 SYSTEMPATH/Commands/Server/rewrite.php(43): require_once('FCPATH/index.php')
CRITICAL - 2023-01-09 01:03:21 --> Undefined array key 0
in SYSTEMPATH/Router/RouteCollection.php on line 1134.
 1 SYSTEMPATH/Router/RouteCollection.php(1134): CodeIgniter\Debug\Exceptions->errorHandler()
 2 SYSTEMPATH/Router/RouteCollection.php(1001): CodeIgniter\Router\RouteCollection->fillRouteParams()
 3 SYSTEMPATH/Common.php(913): CodeIgniter\Router\RouteCollection->reverseRoute()
 4 APPPATH/Views/layouts/opac.php(45): route_to()
 5 SYSTEMPATH/View/View.php(213): include('APPPATH/Views/layouts/opac.php')
 6 SYSTEMPATH/View/View.php(216): CodeIgniter\View\View->CodeIgniter\View\{closure}()
 7 SYSTEMPATH/View/View.php(229): CodeIgniter\View\View->render()
 8 SYSTEMPATH/Common.php(1135): CodeIgniter\View\View->render()
 9 APPPATH/Controllers/Home.php(105): view()
10 SYSTEMPATH/CodeIgniter.php(896): App\Controllers\Home->materials()
11 SYSTEMPATH/CodeIgniter.php(466): CodeIgniter\CodeIgniter->runController()
12 SYSTEMPATH/CodeIgniter.php(349): CodeIgniter\CodeIgniter->handleRequest()
13 FCPATH/index.php(55): CodeIgniter\CodeIgniter->run()
14 SYSTEMPATH/Commands/Server/rewrite.php(43): require_once('FCPATH/index.php')
CRITICAL - 2023-01-09 01:05:17 --> Trying to access array offset on value of type null
in APPPATH/Views/opac/materials.php on line 27.
 1 APPPATH/Views/opac/materials.php(27): CodeIgniter\Debug\Exceptions->errorHandler()
 2 SYSTEMPATH/View/View.php(213): include('APPPATH/Views/opac/materials.php')
 3 SYSTEMPATH/View/View.php(216): CodeIgniter\View\View->CodeIgniter\View\{closure}()
 4 SYSTEMPATH/Common.php(1135): CodeIgniter\View\View->render()
 5 APPPATH/Controllers/Home.php(105): view()
 6 SYSTEMPATH/CodeIgniter.php(896): App\Controllers\Home->materials()
 7 SYSTEMPATH/CodeIgniter.php(466): CodeIgniter\CodeIgniter->runController()
 8 SYSTEMPATH/CodeIgniter.php(349): CodeIgniter\CodeIgniter->handleRequest()
 9 FCPATH/index.php(55): CodeIgniter\CodeIgniter->run()
10 SYSTEMPATH/Commands/Server/rewrite.php(43): require_once('FCPATH/index.php')
CRITICAL - 2023-01-09 01:05:37 --> Trying to access array offset on value of type null
in APPPATH/Views/opac/materials.php on line 27.
 1 APPPATH/Views/opac/materials.php(27): CodeIgniter\Debug\Exceptions->errorHandler()
 2 SYSTEMPATH/View/View.php(213): include('APPPATH/Views/opac/materials.php')
 3 SYSTEMPATH/View/View.php(216): CodeIgniter\View\View->CodeIgniter\View\{closure}()
 4 SYSTEMPATH/Common.php(1135): CodeIgniter\View\View->render()
 5 APPPATH/Controllers/Home.php(105): view()
 6 SYSTEMPATH/CodeIgniter.php(896): App\Controllers\Home->materials()
 7 SYSTEMPATH/CodeIgniter.php(466): CodeIgniter\CodeIgniter->runController()
 8 SYSTEMPATH/CodeIgniter.php(349): CodeIgniter\CodeIgniter->handleRequest()
 9 FCPATH/index.php(55): CodeIgniter\CodeIgniter->run()
10 SYSTEMPATH/Commands/Server/rewrite.php(43): require_once('FCPATH/index.php')
CRITICAL - 2023-01-09 01:05:39 --> Trying to access array offset on value of type null
in APPPATH/Views/opac/materials.php on line 27.
 1 APPPATH/Views/opac/materials.php(27): CodeIgniter\Debug\Exceptions->errorHandler()
 2 SYSTEMPATH/View/View.php(213): include('APPPATH/Views/opac/materials.php')
 3 SYSTEMPATH/View/View.php(216): CodeIgniter\View\View->CodeIgniter\View\{closure}()
 4 SYSTEMPATH/Common.php(1135): CodeIgniter\View\View->render()
 5 APPPATH/Controllers/Home.php(105): view()
 6 SYSTEMPATH/CodeIgniter.php(896): App\Controllers\Home->materials()
 7 SYSTEMPATH/CodeIgniter.php(466): CodeIgniter\CodeIgniter->runController()
 8 SYSTEMPATH/CodeIgniter.php(349): CodeIgniter\CodeIgniter->handleRequest()
 9 FCPATH/index.php(55): CodeIgniter\CodeIgniter->run()
10 SYSTEMPATH/Commands/Server/rewrite.php(43): require_once('FCPATH/index.php')
CRITICAL - 2023-01-09 01:05:53 --> Trying to access array offset on value of type null
in APPPATH/Views/opac/materials.php on line 27.
 1 APPPATH/Views/opac/materials.php(27): CodeIgniter\Debug\Exceptions->errorHandler()
 2 SYSTEMPATH/View/View.php(213): include('APPPATH/Views/opac/materials.php')
 3 SYSTEMPATH/View/View.php(216): CodeIgniter\View\View->CodeIgniter\View\{closure}()
 4 SYSTEMPATH/Common.php(1135): CodeIgniter\View\View->render()
 5 APPPATH/Controllers/Home.php(105): view()
 6 SYSTEMPATH/CodeIgniter.php(896): App\Controllers\Home->materials()
 7 SYSTEMPATH/CodeIgniter.php(466): CodeIgniter\CodeIgniter->runController()
 8 SYSTEMPATH/CodeIgniter.php(349): CodeIgniter\CodeIgniter->handleRequest()
 9 FCPATH/index.php(55): CodeIgniter\CodeIgniter->run()
10 SYSTEMPATH/Commands/Server/rewrite.php(43): require_once('FCPATH/index.php')
CRITICAL - 2023-01-09 01:06:09 --> Trying to access array offset on value of type null
in APPPATH/Views/opac/materials.php on line 27.
 1 APPPATH/Views/opac/materials.php(27): CodeIgniter\Debug\Exceptions->errorHandler()
 2 SYSTEMPATH/View/View.php(213): include('APPPATH/Views/opac/materials.php')
 3 SYSTEMPATH/View/View.php(216): CodeIgniter\View\View->CodeIgniter\View\{closure}()
 4 SYSTEMPATH/Common.php(1135): CodeIgniter\View\View->render()
 5 APPPATH/Controllers/Home.php(105): view()
 6 SYSTEMPATH/CodeIgniter.php(896): App\Controllers\Home->materials()
 7 SYSTEMPATH/CodeIgniter.php(466): CodeIgniter\CodeIgniter->runController()
 8 SYSTEMPATH/CodeIgniter.php(349): CodeIgniter\CodeIgniter->handleRequest()
 9 FCPATH/index.php(55): CodeIgniter\CodeIgniter->run()
10 SYSTEMPATH/Commands/Server/rewrite.php(43): require_once('FCPATH/index.php')
CRITICAL - 2023-01-09 01:07:01 --> Undefined array key 0
in SYSTEMPATH/Router/RouteCollection.php on line 1134.
 1 SYSTEMPATH/Router/RouteCollection.php(1134): CodeIgniter\Debug\Exceptions->errorHandler()
 2 SYSTEMPATH/Router/RouteCollection.php(1001): CodeIgniter\Router\RouteCollection->fillRouteParams()
 3 SYSTEMPATH/Common.php(913): CodeIgniter\Router\RouteCollection->reverseRoute()
 4 APPPATH/Views/layouts/opac.php(45): route_to()
 5 SYSTEMPATH/View/View.php(213): include('APPPATH/Views/layouts/opac.php')
 6 SYSTEMPATH/View/View.php(216): CodeIgniter\View\View->CodeIgniter\View\{closure}()
 7 SYSTEMPATH/View/View.php(229): CodeIgniter\View\View->render()
 8 SYSTEMPATH/Common.php(1135): CodeIgniter\View\View->render()
 9 APPPATH/Controllers/Home.php(105): view()
10 SYSTEMPATH/CodeIgniter.php(896): App\Controllers\Home->materials()
11 SYSTEMPATH/CodeIgniter.php(466): CodeIgniter\CodeIgniter->runController()
12 SYSTEMPATH/CodeIgniter.php(349): CodeIgniter\CodeIgniter->handleRequest()
13 FCPATH/index.php(55): CodeIgniter\CodeIgniter->run()
14 SYSTEMPATH/Commands/Server/rewrite.php(43): require_once('FCPATH/index.php')
CRITICAL - 2023-01-09 01:07:31 --> Undefined array key 0
in SYSTEMPATH/Router/RouteCollection.php on line 1134.
 1 SYSTEMPATH/Router/RouteCollection.php(1134): CodeIgniter\Debug\Exceptions->errorHandler()
 2 SYSTEMPATH/Router/RouteCollection.php(1001): CodeIgniter\Router\RouteCollection->fillRouteParams()
 3 SYSTEMPATH/Common.php(913): CodeIgniter\Router\RouteCollection->reverseRoute()
 4 APPPATH/Views/layouts/opac.php(45): route_to()
 5 SYSTEMPATH/View/View.php(213): include('APPPATH/Views/layouts/opac.php')
 6 SYSTEMPATH/View/View.php(216): CodeIgniter\View\View->CodeIgniter\View\{closure}()
 7 SYSTEMPATH/View/View.php(229): CodeIgniter\View\View->render()
 8 SYSTEMPATH/Common.php(1135): CodeIgniter\View\View->render()
 9 APPPATH/Controllers/Home.php(105): view()
10 SYSTEMPATH/CodeIgniter.php(896): App\Controllers\Home->materials()
11 SYSTEMPATH/CodeIgniter.php(466): CodeIgniter\CodeIgniter->runController()
12 SYSTEMPATH/CodeIgniter.php(349): CodeIgniter\CodeIgniter->handleRequest()
13 FCPATH/index.php(55): CodeIgniter\CodeIgniter->run()
14 SYSTEMPATH/Commands/Server/rewrite.php(43): require_once('FCPATH/index.php')
CRITICAL - 2023-01-09 01:07:32 --> Undefined array key 0
in SYSTEMPATH/Router/RouteCollection.php on line 1134.
 1 SYSTEMPATH/Router/RouteCollection.php(1134): CodeIgniter\Debug\Exceptions->errorHandler()
 2 SYSTEMPATH/Router/RouteCollection.php(1001): CodeIgniter\Router\RouteCollection->fillRouteParams()
 3 SYSTEMPATH/Common.php(913): CodeIgniter\Router\RouteCollection->reverseRoute()
 4 APPPATH/Views/layouts/opac.php(45): route_to()
 5 SYSTEMPATH/View/View.php(213): include('APPPATH/Views/layouts/opac.php')
 6 SYSTEMPATH/View/View.php(216): CodeIgniter\View\View->CodeIgniter\View\{closure}()
 7 SYSTEMPATH/View/View.php(229): CodeIgniter\View\View->render()
 8 SYSTEMPATH/Common.php(1135): CodeIgniter\View\View->render()
 9 APPPATH/Controllers/Home.php(105): view()
10 SYSTEMPATH/CodeIgniter.php(896): App\Controllers\Home->materials()
11 SYSTEMPATH/CodeIgniter.php(466): CodeIgniter\CodeIgniter->runController()
12 SYSTEMPATH/CodeIgniter.php(349): CodeIgniter\CodeIgniter->handleRequest()
13 FCPATH/index.php(55): CodeIgniter\CodeIgniter->run()
14 SYSTEMPATH/Commands/Server/rewrite.php(43): require_once('FCPATH/index.php')
CRITICAL - 2023-01-09 01:07:32 --> Undefined array key 0
in SYSTEMPATH/Router/RouteCollection.php on line 1134.
 1 SYSTEMPATH/Router/RouteCollection.php(1134): CodeIgniter\Debug\Exceptions->errorHandler()
 2 SYSTEMPATH/Router/RouteCollection.php(1001): CodeIgniter\Router\RouteCollection->fillRouteParams()
 3 SYSTEMPATH/Common.php(913): CodeIgniter\Router\RouteCollection->reverseRoute()
 4 APPPATH/Views/layouts/opac.php(45): route_to()
 5 SYSTEMPATH/View/View.php(213): include('APPPATH/Views/layouts/opac.php')
 6 SYSTEMPATH/View/View.php(216): CodeIgniter\View\View->CodeIgniter\View\{closure}()
 7 SYSTEMPATH/View/View.php(229): CodeIgniter\View\View->render()
 8 SYSTEMPATH/Common.php(1135): CodeIgniter\View\View->render()
 9 APPPATH/Controllers/Home.php(105): view()
10 SYSTEMPATH/CodeIgniter.php(896): App\Controllers\Home->materials()
11 SYSTEMPATH/CodeIgniter.php(466): CodeIgniter\CodeIgniter->runController()
12 SYSTEMPATH/CodeIgniter.php(349): CodeIgniter\CodeIgniter->handleRequest()
13 FCPATH/index.php(55): CodeIgniter\CodeIgniter->run()
14 SYSTEMPATH/Commands/Server/rewrite.php(43): require_once('FCPATH/index.php')
CRITICAL - 2023-01-09 01:07:33 --> Undefined array key 0
in SYSTEMPATH/Router/RouteCollection.php on line 1134.
 1 SYSTEMPATH/Router/RouteCollection.php(1134): CodeIgniter\Debug\Exceptions->errorHandler()
 2 SYSTEMPATH/Router/RouteCollection.php(1001): CodeIgniter\Router\RouteCollection->fillRouteParams()
 3 SYSTEMPATH/Common.php(913): CodeIgniter\Router\RouteCollection->reverseRoute()
 4 APPPATH/Views/layouts/opac.php(45): route_to()
 5 SYSTEMPATH/View/View.php(213): include('APPPATH/Views/layouts/opac.php')
 6 SYSTEMPATH/View/View.php(216): CodeIgniter\View\View->CodeIgniter\View\{closure}()
 7 SYSTEMPATH/View/View.php(229): CodeIgniter\View\View->render()
 8 SYSTEMPATH/Common.php(1135): CodeIgniter\View\View->render()
 9 APPPATH/Controllers/Home.php(105): view()
10 SYSTEMPATH/CodeIgniter.php(896): App\Controllers\Home->materials()
11 SYSTEMPATH/CodeIgniter.php(466): CodeIgniter\CodeIgniter->runController()
12 SYSTEMPATH/CodeIgniter.php(349): CodeIgniter\CodeIgniter->handleRequest()
13 FCPATH/index.php(55): CodeIgniter\CodeIgniter->run()
14 SYSTEMPATH/Commands/Server/rewrite.php(43): require_once('FCPATH/index.php')
CRITICAL - 2023-01-09 01:07:33 --> Undefined array key 0
in SYSTEMPATH/Router/RouteCollection.php on line 1134.
 1 SYSTEMPATH/Router/RouteCollection.php(1134): CodeIgniter\Debug\Exceptions->errorHandler()
 2 SYSTEMPATH/Router/RouteCollection.php(1001): CodeIgniter\Router\RouteCollection->fillRouteParams()
 3 SYSTEMPATH/Common.php(913): CodeIgniter\Router\RouteCollection->reverseRoute()
 4 APPPATH/Views/layouts/opac.php(45): route_to()
 5 SYSTEMPATH/View/View.php(213): include('APPPATH/Views/layouts/opac.php')
 6 SYSTEMPATH/View/View.php(216): CodeIgniter\View\View->CodeIgniter\View\{closure}()
 7 SYSTEMPATH/View/View.php(229): CodeIgniter\View\View->render()
 8 SYSTEMPATH/Common.php(1135): CodeIgniter\View\View->render()
 9 APPPATH/Controllers/Home.php(105): view()
10 SYSTEMPATH/CodeIgniter.php(896): App\Controllers\Home->materials()
11 SYSTEMPATH/CodeIgniter.php(466): CodeIgniter\CodeIgniter->runController()
12 SYSTEMPATH/CodeIgniter.php(349): CodeIgniter\CodeIgniter->handleRequest()
13 FCPATH/index.php(55): CodeIgniter\CodeIgniter->run()
14 SYSTEMPATH/Commands/Server/rewrite.php(43): require_once('FCPATH/index.php')
