ERROR - 2023-01-11 00:50:36 --> Column 'npm' cannot be null
CRITICAL - 2023-01-11 00:50:36 --> Column 'npm' cannot be null
in SYSTEMPATH/Database/MySQLi/Connection.php on line 292.
 1 SYSTEMPATH/Database/MySQLi/Connection.php(292): mysqli->query()
 2 SYSTEMPATH/Database/BaseConnection.php(695): CodeIgniter\Database\MySQLi\Connection->execute()
 3 SYSTEMPATH/Database/BaseConnection.php(609): CodeIgniter\Database\BaseConnection->simpleQuery()
 4 SYSTEMPATH/Database/BaseBuilder.php(1970): CodeIgniter\Database\BaseConnection->query()
 5 SYSTEMPATH/Model.php(438): CodeIgniter\Database\BaseBuilder->replace()
 6 SYSTEMPATH/BaseModel.php(1038): CodeIgniter\Model->doReplace()
 7 APPPATH/Controllers/Home.php(72): CodeIgniter\BaseModel->replace()
 8 SYSTEMPATH/CodeIgniter.php(896): App\Controllers\Home->donateUpdate()
 9 SYSTEMPATH/CodeIgniter.php(466): CodeIgniter\CodeIgniter->runController()
10 SYSTEMPATH/CodeIgniter.php(349): CodeIgniter\CodeIgniter->handleRequest()
11 FCPATH/index.php(55): CodeIgniter\CodeIgniter->run()
12 SYSTEMPATH/Commands/Server/rewrite.php(43): require_once('FCPATH/index.php')
ERROR - 2023-01-11 00:51:53 --> Column 'title' cannot be null
CRITICAL - 2023-01-11 00:51:53 --> Column 'title' cannot be null
in SYSTEMPATH/Database/MySQLi/Connection.php on line 292.
 1 SYSTEMPATH/Database/MySQLi/Connection.php(292): mysqli->query()
 2 SYSTEMPATH/Database/BaseConnection.php(695): CodeIgniter\Database\MySQLi\Connection->execute()
 3 SYSTEMPATH/Database/BaseConnection.php(609): CodeIgniter\Database\BaseConnection->simpleQuery()
 4 SYSTEMPATH/Database/BaseBuilder.php(1970): CodeIgniter\Database\BaseConnection->query()
 5 SYSTEMPATH/Model.php(438): CodeIgniter\Database\BaseBuilder->replace()
 6 SYSTEMPATH/BaseModel.php(1038): CodeIgniter\Model->doReplace()
 7 APPPATH/Controllers/Home.php(72): CodeIgniter\BaseModel->replace()
 8 SYSTEMPATH/CodeIgniter.php(896): App\Controllers\Home->donateUpdate()
 9 SYSTEMPATH/CodeIgniter.php(466): CodeIgniter\CodeIgniter->runController()
10 SYSTEMPATH/CodeIgniter.php(349): CodeIgniter\CodeIgniter->handleRequest()
11 FCPATH/index.php(55): CodeIgniter\CodeIgniter->run()
12 SYSTEMPATH/Commands/Server/rewrite.php(43): require_once('FCPATH/index.php')
ERROR - 2023-01-11 00:52:45 --> Column 'title' cannot be null
CRITICAL - 2023-01-11 00:52:45 --> Column 'title' cannot be null
in SYSTEMPATH/Database/MySQLi/Connection.php on line 292.
 1 SYSTEMPATH/Database/MySQLi/Connection.php(292): mysqli->query()
 2 SYSTEMPATH/Database/BaseConnection.php(695): CodeIgniter\Database\MySQLi\Connection->execute()
 3 SYSTEMPATH/Database/BaseConnection.php(609): CodeIgniter\Database\BaseConnection->simpleQuery()
 4 SYSTEMPATH/Database/BaseBuilder.php(1970): CodeIgniter\Database\BaseConnection->query()
 5 SYSTEMPATH/Model.php(438): CodeIgniter\Database\BaseBuilder->replace()
 6 SYSTEMPATH/BaseModel.php(1038): CodeIgniter\Model->doReplace()
 7 APPPATH/Controllers/Home.php(72): CodeIgniter\BaseModel->replace()
 8 SYSTEMPATH/CodeIgniter.php(896): App\Controllers\Home->donateUpdate()
 9 SYSTEMPATH/CodeIgniter.php(466): CodeIgniter\CodeIgniter->runController()
10 SYSTEMPATH/CodeIgniter.php(349): CodeIgniter\CodeIgniter->handleRequest()
11 FCPATH/index.php(55): CodeIgniter\CodeIgniter->run()
12 SYSTEMPATH/Commands/Server/rewrite.php(43): require_once('FCPATH/index.php')
CRITICAL - 2023-01-11 01:22:40 --> There is no data to update.
in SYSTEMPATH/BaseModel.php on line 1576.
 1 SYSTEMPATH/BaseModel.php(1576): CodeIgniter\Database\Exceptions\DataException::forEmptyDataset()
 2 SYSTEMPATH/BaseModel.php(832): CodeIgniter\BaseModel->transformDataToArray()
 3 SYSTEMPATH/Model.php(692): CodeIgniter\BaseModel->update()
 4 APPPATH/Controllers/Home.php(69): CodeIgniter\Model->update()
 5 SYSTEMPATH/CodeIgniter.php(896): App\Controllers\Home->donateUpdate()
 6 SYSTEMPATH/CodeIgniter.php(466): CodeIgniter\CodeIgniter->runController()
 7 SYSTEMPATH/CodeIgniter.php(349): CodeIgniter\CodeIgniter->handleRequest()
 8 FCPATH/index.php(55): CodeIgniter\CodeIgniter->run()
 9 SYSTEMPATH/Commands/Server/rewrite.php(43): require_once('FCPATH/index.php')
CRITICAL - 2023-01-11 01:24:46 --> There is no data to update.
in SYSTEMPATH/BaseModel.php on line 1576.
 1 SYSTEMPATH/BaseModel.php(1576): CodeIgniter\Database\Exceptions\DataException::forEmptyDataset()
 2 SYSTEMPATH/BaseModel.php(832): CodeIgniter\BaseModel->transformDataToArray()
 3 SYSTEMPATH/Model.php(692): CodeIgniter\BaseModel->update()
 4 APPPATH/Controllers/Home.php(69): CodeIgniter\Model->update()
 5 SYSTEMPATH/CodeIgniter.php(896): App\Controllers\Home->donateUpdate()
 6 SYSTEMPATH/CodeIgniter.php(466): CodeIgniter\CodeIgniter->runController()
 7 SYSTEMPATH/CodeIgniter.php(349): CodeIgniter\CodeIgniter->handleRequest()
 8 FCPATH/index.php(55): CodeIgniter\CodeIgniter->run()
 9 SYSTEMPATH/Commands/Server/rewrite.php(43): require_once('FCPATH/index.php')
CRITICAL - 2023-01-11 01:24:56 --> There is no data to update.
in SYSTEMPATH/BaseModel.php on line 1576.
 1 SYSTEMPATH/BaseModel.php(1576): CodeIgniter\Database\Exceptions\DataException::forEmptyDataset()
 2 SYSTEMPATH/BaseModel.php(832): CodeIgniter\BaseModel->transformDataToArray()
 3 SYSTEMPATH/Model.php(692): CodeIgniter\BaseModel->update()
 4 APPPATH/Controllers/Home.php(69): CodeIgniter\Model->update()
 5 SYSTEMPATH/CodeIgniter.php(896): App\Controllers\Home->donateUpdate()
 6 SYSTEMPATH/CodeIgniter.php(466): CodeIgniter\CodeIgniter->runController()
 7 SYSTEMPATH/CodeIgniter.php(349): CodeIgniter\CodeIgniter->handleRequest()
 8 FCPATH/index.php(55): CodeIgniter\CodeIgniter->run()
 9 SYSTEMPATH/Commands/Server/rewrite.php(43): require_once('FCPATH/index.php')
CRITICAL - 2023-01-11 01:25:17 --> There is no data to update.
in SYSTEMPATH/BaseModel.php on line 1576.
 1 SYSTEMPATH/BaseModel.php(1576): CodeIgniter\Database\Exceptions\DataException::forEmptyDataset()
 2 SYSTEMPATH/BaseModel.php(832): CodeIgniter\BaseModel->transformDataToArray()
 3 SYSTEMPATH/Model.php(692): CodeIgniter\BaseModel->update()
 4 APPPATH/Controllers/Home.php(70): CodeIgniter\Model->update()
 5 SYSTEMPATH/CodeIgniter.php(896): App\Controllers\Home->donateUpdate()
 6 SYSTEMPATH/CodeIgniter.php(466): CodeIgniter\CodeIgniter->runController()
 7 SYSTEMPATH/CodeIgniter.php(349): CodeIgniter\CodeIgniter->handleRequest()
 8 FCPATH/index.php(55): CodeIgniter\CodeIgniter->run()
 9 SYSTEMPATH/Commands/Server/rewrite.php(43): require_once('FCPATH/index.php')
CRITICAL - 2023-01-11 01:26:51 --> There is no data to update.
in SYSTEMPATH/BaseModel.php on line 1576.
 1 SYSTEMPATH/BaseModel.php(1576): CodeIgniter\Database\Exceptions\DataException::forEmptyDataset()
 2 SYSTEMPATH/BaseModel.php(832): CodeIgniter\BaseModel->transformDataToArray()
 3 SYSTEMPATH/Model.php(692): CodeIgniter\BaseModel->update()
 4 APPPATH/Controllers/Home.php(74): CodeIgniter\Model->update()
 5 SYSTEMPATH/CodeIgniter.php(896): App\Controllers\Home->donateUpdate()
 6 SYSTEMPATH/CodeIgniter.php(466): CodeIgniter\CodeIgniter->runController()
 7 SYSTEMPATH/CodeIgniter.php(349): CodeIgniter\CodeIgniter->handleRequest()
 8 FCPATH/index.php(55): CodeIgniter\CodeIgniter->run()
 9 SYSTEMPATH/Commands/Server/rewrite.php(43): require_once('FCPATH/index.php')
CRITICAL - 2023-01-11 01:28:46 --> There is no data to update.
in SYSTEMPATH/BaseModel.php on line 1576.
 1 SYSTEMPATH/BaseModel.php(1576): CodeIgniter\Database\Exceptions\DataException::forEmptyDataset()
 2 SYSTEMPATH/BaseModel.php(832): CodeIgniter\BaseModel->transformDataToArray()
 3 SYSTEMPATH/Model.php(692): CodeIgniter\BaseModel->update()
 4 APPPATH/Controllers/Home.php(73): CodeIgniter\Model->update()
 5 SYSTEMPATH/CodeIgniter.php(896): App\Controllers\Home->donateUpdate()
 6 SYSTEMPATH/CodeIgniter.php(466): CodeIgniter\CodeIgniter->runController()
 7 SYSTEMPATH/CodeIgniter.php(349): CodeIgniter\CodeIgniter->handleRequest()
 8 FCPATH/index.php(55): CodeIgniter\CodeIgniter->run()
 9 SYSTEMPATH/Commands/Server/rewrite.php(43): require_once('FCPATH/index.php')
CRITICAL - 2023-01-11 01:30:49 --> There is no data to update.
in SYSTEMPATH/BaseModel.php on line 1576.
 1 SYSTEMPATH/BaseModel.php(1576): CodeIgniter\Database\Exceptions\DataException::forEmptyDataset()
 2 SYSTEMPATH/BaseModel.php(832): CodeIgniter\BaseModel->transformDataToArray()
 3 SYSTEMPATH/Model.php(692): CodeIgniter\BaseModel->update()
 4 APPPATH/Controllers/Home.php(74): CodeIgniter\Model->update()
 5 SYSTEMPATH/CodeIgniter.php(896): App\Controllers\Home->donateUpdate()
 6 SYSTEMPATH/CodeIgniter.php(466): CodeIgniter\CodeIgniter->runController()
 7 SYSTEMPATH/CodeIgniter.php(349): CodeIgniter\CodeIgniter->handleRequest()
 8 FCPATH/index.php(55): CodeIgniter\CodeIgniter->run()
 9 SYSTEMPATH/Commands/Server/rewrite.php(43): require_once('FCPATH/index.php')
CRITICAL - 2023-01-11 01:31:40 --> There is no data to update.
in SYSTEMPATH/BaseModel.php on line 846.
 1 SYSTEMPATH/BaseModel.php(846): CodeIgniter\Database\Exceptions\DataException::forEmptyDataset()
 2 SYSTEMPATH/Model.php(692): CodeIgniter\BaseModel->update()
 3 APPPATH/Controllers/Home.php(73): CodeIgniter\Model->update()
 4 SYSTEMPATH/CodeIgniter.php(896): App\Controllers\Home->donateUpdate()
 5 SYSTEMPATH/CodeIgniter.php(466): CodeIgniter\CodeIgniter->runController()
 6 SYSTEMPATH/CodeIgniter.php(349): CodeIgniter\CodeIgniter->handleRequest()
 7 FCPATH/index.php(55): CodeIgniter\CodeIgniter->run()
 8 SYSTEMPATH/Commands/Server/rewrite.php(43): require_once('FCPATH/index.php')
CRITICAL - 2023-01-11 01:32:20 --> There is no data to update.
in SYSTEMPATH/BaseModel.php on line 846.
 1 SYSTEMPATH/BaseModel.php(846): CodeIgniter\Database\Exceptions\DataException::forEmptyDataset()
 2 SYSTEMPATH/Model.php(692): CodeIgniter\BaseModel->update()
 3 APPPATH/Controllers/Home.php(73): CodeIgniter\Model->update()
 4 SYSTEMPATH/CodeIgniter.php(896): App\Controllers\Home->donateUpdate()
 5 SYSTEMPATH/CodeIgniter.php(466): CodeIgniter\CodeIgniter->runController()
 6 SYSTEMPATH/CodeIgniter.php(349): CodeIgniter\CodeIgniter->handleRequest()
 7 FCPATH/index.php(55): CodeIgniter\CodeIgniter->run()
 8 SYSTEMPATH/Commands/Server/rewrite.php(43): require_once('FCPATH/index.php')
CRITICAL - 2023-01-11 02:17:31 --> Undefined variable $donates
in APPPATH/Views/admin/donate-title.php on line 47.
 1 APPPATH/Views/admin/donate-title.php(47): CodeIgniter\Debug\Exceptions->errorHandler()
 2 SYSTEMPATH/View/View.php(213): include('APPPATH/Views/admin/donate-title.php')
 3 SYSTEMPATH/View/View.php(216): CodeIgniter\View\View->CodeIgniter\View\{closure}()
 4 SYSTEMPATH/Common.php(1135): CodeIgniter\View\View->render()
 5 APPPATH/Controllers/Donate.php(85): view()
 6 SYSTEMPATH/CodeIgniter.php(896): App\Controllers\Donate->titleVerify()
 7 SYSTEMPATH/CodeIgniter.php(466): CodeIgniter\CodeIgniter->runController()
 8 SYSTEMPATH/CodeIgniter.php(349): CodeIgniter\CodeIgniter->handleRequest()
 9 FCPATH/index.php(55): CodeIgniter\CodeIgniter->run()
10 SYSTEMPATH/Commands/Server/rewrite.php(43): require_once('FCPATH/index.php')
