CRITICAL - 2023-01-20 02:43:11 --> Class "Kint\Renderer\Renderer" not found
in SYSTEMPATH/Config/Factories.php on line 129.
 1 SYSTEMPATH/Common.php(206): CodeIgniter\Config\Factories::__callStatic()
 2 SYSTEMPATH/CodeIgniter.php(272): config()
 3 SYSTEMPATH/CodeIgniter.php(237): CodeIgniter\CodeIgniter->configureKint()
 4 SYSTEMPATH/CodeIgniter.php(199): CodeIgniter\CodeIgniter->initializeKint()
 5 ROOTPATH/spark(71): CodeIgniter\CodeIgniter->initialize()
CRITICAL - 2023-01-20 02:44:55 --> Class "Kint\Renderer\Renderer" not found
in SYSTEMPATH/Config/Factories.php on line 129.
 1 SYSTEMPATH/Common.php(206): CodeIgniter\Config\Factories::__callStatic()
 2 SYSTEMPATH/CodeIgniter.php(272): config()
 3 SYSTEMPATH/CodeIgniter.php(237): CodeIgniter\CodeIgniter->configureKint()
 4 SYSTEMPATH/CodeIgniter.php(199): CodeIgniter\CodeIgniter->initializeKint()
 5 ROOTPATH/spark(83): CodeIgniter\CodeIgniter->initialize()
CRITICAL - 2023-01-20 02:47:08 --> App key b22a3bdf4cf04b53a0bc not in this cluster. Did you forget to specify the cluster?

in VENDORPATH/pusher/pusher-php-server/src/Pusher.php on line 789.
 1 VENDORPATH/pusher/pusher-php-server/src/Pusher.php(440): Pusher\Pusher->post()
 2 APPPATH/Controllers/Home.php(94): Pusher\Pusher->trigger()
 3 SYSTEMPATH/CodeIgniter.php(934): App\Controllers\Home->donateUpdate()
 4 SYSTEMPATH/CodeIgniter.php(499): CodeIgniter\CodeIgniter->runController()
 5 SYSTEMPATH/CodeIgniter.php(368): CodeIgniter\CodeIgniter->handleRequest()
 6 FCPATH/index.php(55): CodeIgniter\CodeIgniter->run()
 7 SYSTEMPATH/Commands/Server/rewrite.php(47): require_once('FCPATH/index.php')
CRITICAL - 2023-01-20 02:56:08 --> App key b22a3bdf4cf04b53a0bc not in this cluster. Did you forget to specify the cluster?

in VENDORPATH/pusher/pusher-php-server/src/Pusher.php on line 789.
 1 VENDORPATH/pusher/pusher-php-server/src/Pusher.php(440): Pusher\Pusher->post()
 2 APPPATH/Controllers/Home.php(94): Pusher\Pusher->trigger()
 3 SYSTEMPATH/CodeIgniter.php(934): App\Controllers\Home->donateUpdate()
 4 SYSTEMPATH/CodeIgniter.php(499): CodeIgniter\CodeIgniter->runController()
 5 SYSTEMPATH/CodeIgniter.php(368): CodeIgniter\CodeIgniter->handleRequest()
 6 FCPATH/index.php(55): CodeIgniter\CodeIgniter->run()
 7 SYSTEMPATH/Commands/Server/rewrite.php(47): require_once('FCPATH/index.php')
CRITICAL - 2023-01-20 02:57:38 --> App key b22a3bdf4cf04b53a0bc not in this cluster. Did you forget to specify the cluster?

in VENDORPATH/pusher/pusher-php-server/src/Pusher.php on line 789.
 1 VENDORPATH/pusher/pusher-php-server/src/Pusher.php(440): Pusher\Pusher->post()
 2 APPPATH/Controllers/Home.php(96): Pusher\Pusher->trigger()
 3 SYSTEMPATH/CodeIgniter.php(934): App\Controllers\Home->donateUpdate()
 4 SYSTEMPATH/CodeIgniter.php(499): CodeIgniter\CodeIgniter->runController()
 5 SYSTEMPATH/CodeIgniter.php(368): CodeIgniter\CodeIgniter->handleRequest()
 6 FCPATH/index.php(55): CodeIgniter\CodeIgniter->run()
 7 SYSTEMPATH/Commands/Server/rewrite.php(47): require_once('FCPATH/index.php')
CRITICAL - 2023-01-20 10:08:58 --> Undefined variable $user
in APPPATH/Views/layouts/admin.php on line 191.
 1 APPPATH/Views/layouts/admin.php(191): CodeIgniter\Debug\Exceptions->errorHandler()
 2 SYSTEMPATH/View/View.php(213): include('APPPATH/Views/layouts/admin.php')
 3 SYSTEMPATH/View/View.php(216): CodeIgniter\View\View->CodeIgniter\View\{closure}()
 4 SYSTEMPATH/View/View.php(229): CodeIgniter\View\View->render()
 5 SYSTEMPATH/Common.php(1177): CodeIgniter\View\View->render()
 6 APPPATH/Controllers/Article.php(15): view()
 7 SYSTEMPATH/CodeIgniter.php(934): App\Controllers\Article->index()
 8 SYSTEMPATH/CodeIgniter.php(499): CodeIgniter\CodeIgniter->runController()
 9 SYSTEMPATH/CodeIgniter.php(368): CodeIgniter\CodeIgniter->handleRequest()
10 FCPATH/index.php(55): CodeIgniter\CodeIgniter->run()
11 SYSTEMPATH/Commands/Server/rewrite.php(47): require_once('FCPATH/index.php')
CRITICAL - 2023-01-20 15:33:40 --> cURL error 6: Could not resolve host: api-ap1.pusher.com (see https://curl.haxx.se/libcurl/c/libcurl-errors.html) for https://api-ap1.pusher.com/apps/1540951/events?auth_key=b22a3bdf4cf04b53a0bc&auth_timestamp=1674203605&auth_version=1.0&body_md5=8fef1fa23785d87748a01e79b0e5b929&auth_signature=ad4a8281017048c0b88dd91c830ff2c999f645b4ee3e2aa431824dfcca25bfeb
in VENDORPATH/pusher/pusher-php-server/src/Pusher.php on line 782.
 1 VENDORPATH/pusher/pusher-php-server/src/Pusher.php(440): Pusher\Pusher->post()
 2 APPPATH/Controllers/Home.php(103): Pusher\Pusher->trigger()
 3 SYSTEMPATH/CodeIgniter.php(934): App\Controllers\Home->donateUpdate()
 4 SYSTEMPATH/CodeIgniter.php(499): CodeIgniter\CodeIgniter->runController()
 5 SYSTEMPATH/CodeIgniter.php(368): CodeIgniter\CodeIgniter->handleRequest()
 6 FCPATH/index.php(55): CodeIgniter\CodeIgniter->run()
 7 SYSTEMPATH/Commands/Server/rewrite.php(47): require_once('FCPATH/index.php')
CRITICAL - 2023-01-20 15:34:32 --> cURL error 6: Could not resolve host: api-ap1.pusher.com (see https://curl.haxx.se/libcurl/c/libcurl-errors.html) for https://api-ap1.pusher.com/apps/1540951/events?auth_key=b22a3bdf4cf04b53a0bc&auth_timestamp=1674203657&auth_version=1.0&body_md5=3fed0ceaa2ff69f9442b05e19ce281c4&auth_signature=0be8951bb5035a10a93eb964c0dc062d3f75dccb58e8fe9998ca46aa173e868b
in VENDORPATH/pusher/pusher-php-server/src/Pusher.php on line 782.
 1 VENDORPATH/pusher/pusher-php-server/src/Pusher.php(440): Pusher\Pusher->post()
 2 APPPATH/Controllers/Home.php(103): Pusher\Pusher->trigger()
 3 SYSTEMPATH/CodeIgniter.php(934): App\Controllers\Home->donateUpdate()
 4 SYSTEMPATH/CodeIgniter.php(499): CodeIgniter\CodeIgniter->runController()
 5 SYSTEMPATH/CodeIgniter.php(368): CodeIgniter\CodeIgniter->handleRequest()
 6 FCPATH/index.php(55): CodeIgniter\CodeIgniter->run()
 7 SYSTEMPATH/Commands/Server/rewrite.php(47): require_once('FCPATH/index.php')
CRITICAL - 2023-01-20 15:58:16 --> Invalid file: "3.php"
in SYSTEMPATH/Exceptions/FrameworkException.php on line 33.
 1 SYSTEMPATH/View/View.php(201): CodeIgniter\Exceptions\FrameworkException::forInvalidFile()
 2 SYSTEMPATH/Common.php(1177): CodeIgniter\View\View->render()
 3 APPPATH/Controllers/Admin.php(29): view()
 4 SYSTEMPATH/CodeIgniter.php(934): App\Controllers\Admin->notifCount()
 5 SYSTEMPATH/CodeIgniter.php(499): CodeIgniter\CodeIgniter->runController()
 6 SYSTEMPATH/CodeIgniter.php(368): CodeIgniter\CodeIgniter->handleRequest()
 7 FCPATH/index.php(55): CodeIgniter\CodeIgniter->run()
 8 SYSTEMPATH/Commands/Server/rewrite.php(47): require_once('FCPATH/index.php')
CRITICAL - 2023-01-20 15:58:43 --> Invalid file: "a.php"
in SYSTEMPATH/Exceptions/FrameworkException.php on line 33.
 1 SYSTEMPATH/View/View.php(201): CodeIgniter\Exceptions\FrameworkException::forInvalidFile()
 2 SYSTEMPATH/Common.php(1177): CodeIgniter\View\View->render()
 3 APPPATH/Controllers/Admin.php(29): view()
 4 SYSTEMPATH/CodeIgniter.php(934): App\Controllers\Admin->notifCount()
 5 SYSTEMPATH/CodeIgniter.php(499): CodeIgniter\CodeIgniter->runController()
 6 SYSTEMPATH/CodeIgniter.php(368): CodeIgniter\CodeIgniter->handleRequest()
 7 FCPATH/index.php(55): CodeIgniter\CodeIgniter->run()
 8 SYSTEMPATH/Commands/Server/rewrite.php(47): require_once('FCPATH/index.php')
CRITICAL - 2023-01-20 16:29:27 --> Array to string conversion
in APPPATH/Controllers/Admin.php on line 29.
 1 APPPATH/Controllers/Admin.php(29): CodeIgniter\Debug\Exceptions->errorHandler()
 2 SYSTEMPATH/CodeIgniter.php(934): App\Controllers\Admin->notifItem()
 3 SYSTEMPATH/CodeIgniter.php(499): CodeIgniter\CodeIgniter->runController()
 4 SYSTEMPATH/CodeIgniter.php(368): CodeIgniter\CodeIgniter->handleRequest()
 5 FCPATH/index.php(55): CodeIgniter\CodeIgniter->run()
 6 SYSTEMPATH/Commands/Server/rewrite.php(47): require_once('FCPATH/index.php')
CRITICAL - 2023-01-20 16:29:30 --> Array to string conversion
in APPPATH/Controllers/Admin.php on line 29.
 1 APPPATH/Controllers/Admin.php(29): CodeIgniter\Debug\Exceptions->errorHandler()
 2 SYSTEMPATH/CodeIgniter.php(934): App\Controllers\Admin->notifItem()
 3 SYSTEMPATH/CodeIgniter.php(499): CodeIgniter\CodeIgniter->runController()
 4 SYSTEMPATH/CodeIgniter.php(368): CodeIgniter\CodeIgniter->handleRequest()
 5 FCPATH/index.php(55): CodeIgniter\CodeIgniter->run()
 6 SYSTEMPATH/Commands/Server/rewrite.php(47): require_once('FCPATH/index.php')
CRITICAL - 2023-01-20 16:29:31 --> Array to string conversion
in APPPATH/Controllers/Admin.php on line 29.
 1 APPPATH/Controllers/Admin.php(29): CodeIgniter\Debug\Exceptions->errorHandler()
 2 SYSTEMPATH/CodeIgniter.php(934): App\Controllers\Admin->notifItem()
 3 SYSTEMPATH/CodeIgniter.php(499): CodeIgniter\CodeIgniter->runController()
 4 SYSTEMPATH/CodeIgniter.php(368): CodeIgniter\CodeIgniter->handleRequest()
 5 FCPATH/index.php(55): CodeIgniter\CodeIgniter->run()
 6 SYSTEMPATH/Commands/Server/rewrite.php(47): require_once('FCPATH/index.php')
CRITICAL - 2023-01-20 16:30:17 --> Array to string conversion
in APPPATH/Controllers/Admin.php on line 29.
 1 APPPATH/Controllers/Admin.php(29): CodeIgniter\Debug\Exceptions->errorHandler()
 2 SYSTEMPATH/CodeIgniter.php(934): App\Controllers\Admin->notifItem()
 3 SYSTEMPATH/CodeIgniter.php(499): CodeIgniter\CodeIgniter->runController()
 4 SYSTEMPATH/CodeIgniter.php(368): CodeIgniter\CodeIgniter->handleRequest()
 5 FCPATH/index.php(55): CodeIgniter\CodeIgniter->run()
 6 SYSTEMPATH/Commands/Server/rewrite.php(47): require_once('FCPATH/index.php')
CRITICAL - 2023-01-20 16:31:21 --> Array to string conversion
in APPPATH/Controllers/Admin.php on line 29.
 1 APPPATH/Controllers/Admin.php(29): CodeIgniter\Debug\Exceptions->errorHandler()
 2 SYSTEMPATH/CodeIgniter.php(934): App\Controllers\Admin->notifItem()
 3 SYSTEMPATH/CodeIgniter.php(499): CodeIgniter\CodeIgniter->runController()
 4 SYSTEMPATH/CodeIgniter.php(368): CodeIgniter\CodeIgniter->handleRequest()
 5 FCPATH/index.php(55): CodeIgniter\CodeIgniter->run()
 6 SYSTEMPATH/Commands/Server/rewrite.php(47): require_once('FCPATH/index.php')
CRITICAL - 2023-01-20 16:31:29 --> Array to string conversion
in APPPATH/Controllers/Admin.php on line 29.
 1 APPPATH/Controllers/Admin.php(29): CodeIgniter\Debug\Exceptions->errorHandler()
 2 SYSTEMPATH/CodeIgniter.php(934): App\Controllers\Admin->notifItem()
 3 SYSTEMPATH/CodeIgniter.php(499): CodeIgniter\CodeIgniter->runController()
 4 SYSTEMPATH/CodeIgniter.php(368): CodeIgniter\CodeIgniter->handleRequest()
 5 FCPATH/index.php(55): CodeIgniter\CodeIgniter->run()
 6 SYSTEMPATH/Commands/Server/rewrite.php(47): require_once('FCPATH/index.php')
CRITICAL - 2023-01-20 16:32:00 --> Array to string conversion
in APPPATH/Controllers/Admin.php on line 29.
 1 APPPATH/Controllers/Admin.php(29): CodeIgniter\Debug\Exceptions->errorHandler()
 2 SYSTEMPATH/CodeIgniter.php(934): App\Controllers\Admin->notifItem()
 3 SYSTEMPATH/CodeIgniter.php(499): CodeIgniter\CodeIgniter->runController()
 4 SYSTEMPATH/CodeIgniter.php(368): CodeIgniter\CodeIgniter->handleRequest()
 5 FCPATH/index.php(55): CodeIgniter\CodeIgniter->run()
 6 SYSTEMPATH/Commands/Server/rewrite.php(47): require_once('FCPATH/index.php')
CRITICAL - 2023-01-20 16:32:35 --> Array to string conversion
in APPPATH/Controllers/Admin.php on line 31.
 1 APPPATH/Controllers/Admin.php(31): CodeIgniter\Debug\Exceptions->errorHandler()
 2 SYSTEMPATH/CodeIgniter.php(934): App\Controllers\Admin->notifItem()
 3 SYSTEMPATH/CodeIgniter.php(499): CodeIgniter\CodeIgniter->runController()
 4 SYSTEMPATH/CodeIgniter.php(368): CodeIgniter\CodeIgniter->handleRequest()
 5 FCPATH/index.php(55): CodeIgniter\CodeIgniter->run()
 6 SYSTEMPATH/Commands/Server/rewrite.php(47): require_once('FCPATH/index.php')
CRITICAL - 2023-01-20 16:32:39 --> Array to string conversion
in APPPATH/Controllers/Admin.php on line 31.
 1 APPPATH/Controllers/Admin.php(31): CodeIgniter\Debug\Exceptions->errorHandler()
 2 SYSTEMPATH/CodeIgniter.php(934): App\Controllers\Admin->notifItem()
 3 SYSTEMPATH/CodeIgniter.php(499): CodeIgniter\CodeIgniter->runController()
 4 SYSTEMPATH/CodeIgniter.php(368): CodeIgniter\CodeIgniter->handleRequest()
 5 FCPATH/index.php(55): CodeIgniter\CodeIgniter->run()
 6 SYSTEMPATH/Commands/Server/rewrite.php(47): require_once('FCPATH/index.php')
CRITICAL - 2023-01-20 16:32:49 --> Array to string conversion
in APPPATH/Controllers/Admin.php on line 31.
 1 APPPATH/Controllers/Admin.php(31): CodeIgniter\Debug\Exceptions->errorHandler()
 2 SYSTEMPATH/CodeIgniter.php(934): App\Controllers\Admin->notifItem()
 3 SYSTEMPATH/CodeIgniter.php(499): CodeIgniter\CodeIgniter->runController()
 4 SYSTEMPATH/CodeIgniter.php(368): CodeIgniter\CodeIgniter->handleRequest()
 5 FCPATH/index.php(55): CodeIgniter\CodeIgniter->run()
 6 SYSTEMPATH/Commands/Server/rewrite.php(47): require_once('FCPATH/index.php')
CRITICAL - 2023-01-20 16:33:05 --> Array to string conversion
in APPPATH/Controllers/Admin.php on line 31.
 1 APPPATH/Controllers/Admin.php(31): CodeIgniter\Debug\Exceptions->errorHandler()
 2 SYSTEMPATH/CodeIgniter.php(934): App\Controllers\Admin->notifItem()
 3 SYSTEMPATH/CodeIgniter.php(499): CodeIgniter\CodeIgniter->runController()
 4 SYSTEMPATH/CodeIgniter.php(368): CodeIgniter\CodeIgniter->handleRequest()
 5 FCPATH/index.php(55): CodeIgniter\CodeIgniter->run()
 6 SYSTEMPATH/Commands/Server/rewrite.php(47): require_once('FCPATH/index.php')
CRITICAL - 2023-01-20 16:34:00 --> syntax error, unexpected token ","
in APPPATH/Controllers/Admin.php on line 28.
 1 SYSTEMPATH/Autoloader/Autoloader.php(289): CodeIgniter\Autoloader\Autoloader->includeFile()
 2 SYSTEMPATH/Autoloader/Autoloader.php(267): CodeIgniter\Autoloader\Autoloader->loadInNamespace()
 3 [internal function]: CodeIgniter\Autoloader\Autoloader->loadClass()
 4 SYSTEMPATH/CodeIgniter.php(892): class_exists()
 5 SYSTEMPATH/CodeIgniter.php(486): CodeIgniter\CodeIgniter->startController()
 6 SYSTEMPATH/CodeIgniter.php(368): CodeIgniter\CodeIgniter->handleRequest()
 7 FCPATH/index.php(55): CodeIgniter\CodeIgniter->run()
 8 SYSTEMPATH/Commands/Server/rewrite.php(47): require_once('FCPATH/index.php')
CRITICAL - 2023-01-20 16:34:02 --> syntax error, unexpected token ","
in APPPATH/Controllers/Admin.php on line 28.
 1 SYSTEMPATH/Autoloader/Autoloader.php(289): CodeIgniter\Autoloader\Autoloader->includeFile()
 2 SYSTEMPATH/Autoloader/Autoloader.php(267): CodeIgniter\Autoloader\Autoloader->loadInNamespace()
 3 [internal function]: CodeIgniter\Autoloader\Autoloader->loadClass()
 4 SYSTEMPATH/CodeIgniter.php(892): class_exists()
 5 SYSTEMPATH/CodeIgniter.php(486): CodeIgniter\CodeIgniter->startController()
 6 SYSTEMPATH/CodeIgniter.php(368): CodeIgniter\CodeIgniter->handleRequest()
 7 FCPATH/index.php(55): CodeIgniter\CodeIgniter->run()
 8 SYSTEMPATH/Commands/Server/rewrite.php(47): require_once('FCPATH/index.php')
